This is pdfTeX, Version 3.14159265-2.6-1.40.19 (MiKTeX 2.9.6930 64-bit) (preloaded format=pdflatex 2019.3.19)  6 MAY 2019 15:18
entering extended mode
**./thesis.tex
(thesis.tex
LaTeX2e <2018-12-01>
("C:\Program Files\MiKTeX 2.9\tex/latex/base\report.cls"
Document Class: report 2018/09/03 v1.4i Standard LaTeX document class
("C:\Program Files\MiKTeX 2.9\tex/latex/base\size12.clo"
File: size12.clo 2018/09/03 v1.4i Standard LaTeX file (size option)
)
\c@part=\count80
\c@chapter=\count81
\c@section=\count82
\c@subsection=\count83
\c@subsubsection=\count84
\c@paragraph=\count85
\c@subparagraph=\count86
\c@figure=\count87
\c@table=\count88
\abovecaptionskip=\skip41
\belowcaptionskip=\skip42
\bibindent=\dimen102
)
("C:\Program Files\MiKTeX 2.9\tex/latex/pdfx\pdfx.sty"
Package: pdfx 2019/02/27 v1.6.3 PDF/X and PDF/A support (CVR/HTH/RRM/PS)
\pdfx@minorversion=\count89

("C:\Program Files\MiKTeX 2.9\tex/latex/iftex\iftex.sty"
Package: iftex 2013/04/04 v0.2 Provides if(tex) conditional for PDFTeX, XeTeX, 
and LuaTeX
)
("C:\Program Files\MiKTeX 2.9\tex/generic/oberdiek\ifpdf.sty"
Package: ifpdf 2018/09/07 v3.3 Provides the ifpdf switch
)
("C:\Program Files\MiKTeX 2.9\tex/generic/ifxetex\ifxetex.sty"
Package: ifxetex 2010/09/12 v0.6 Provides ifxetex conditional
)
("C:\Program Files\MiKTeX 2.9\tex/latex/ms\everyshi.sty"
Package: everyshi 2001/05/15 v3.00 EveryShipout Package (MS)
)
("C:\Program Files\MiKTeX 2.9\tex/generic/oberdiek\ifluatex.sty"
Package: ifluatex 2016/05/16 v1.4 Provides the ifluatex switch (HO)
Package ifluatex Info: LuaTeX not detected.
){C:/Users/miros/AppData/Local/MiKTeX/2.9/pdftex/config/pdftex.map}
("C:\Program Files\MiKTeX 2.9\tex/latex/base\inputenc.sty"
Package: inputenc 2018/08/11 v1.3c Input encoding file
\inpenc@prehook=\toks14
\inpenc@posthook=\toks15
)
("C:\Program Files\MiKTeX 2.9\tex/latex/pdfx\l8u-penc.def"
File: l8u-penc.def 2017/06/23 v0.8 Custom LaTeX file, for UTF8 encoded letters 
and symbols
LaTeX Info: Composite with undeclared \b in encoding L8U on input line 278.
)
\pdfxsafeforxmp@toks=\toks16

("C:\Program Files\MiKTeX 2.9\tex/latex/xcolor\xcolor.sty"
Package: xcolor 2016/05/11 v2.12 LaTeX color extensions (UK)

("C:\Program Files\MiKTeX 2.9\tex/latex/graphics-cfg\color.cfg"
File: color.cfg 2016/01/02 v1.6 sample color configuration
)
Package xcolor Info: Driver file: pdftex.def on input line 225.

("C:\Program Files\MiKTeX 2.9\tex/latex/graphics-def\pdftex.def"
File: pdftex.def 2018/01/08 v1.0l Graphics/color driver for pdftex
)
Package xcolor Info: Model `cmy' substituted by `cmy0' on input line 1348.
Package xcolor Info: Model `hsb' substituted by `rgb' on input line 1352.
Package xcolor Info: Model `RGB' extended on input line 1364.
Package xcolor Info: Model `HTML' substituted by `rgb' on input line 1366.
Package xcolor Info: Model `Hsb' substituted by `hsb' on input line 1367.
Package xcolor Info: Model `tHsb' substituted by `hsb' on input line 1368.
Package xcolor Info: Model `HSB' substituted by `hsb' on input line 1369.
Package xcolor Info: Model `Gray' substituted by `gray' on input line 1370.
Package xcolor Info: Model `wave' substituted by `hsb' on input line 1371.
)
\pdfx@tmptoks=\toks17

("C:\Program Files\MiKTeX 2.9\tex/latex/hyperref\hyperref.sty"
Package: hyperref 2018/11/30 v6.88e Hypertext links for LaTeX

("C:\Program Files\MiKTeX 2.9\tex/generic/oberdiek\hobsub-hyperref.sty"
Package: hobsub-hyperref 2016/05/16 v1.14 Bundle oberdiek, subset hyperref (HO)


("C:\Program Files\MiKTeX 2.9\tex/generic/oberdiek\hobsub-generic.sty"
Package: hobsub-generic 2016/05/16 v1.14 Bundle oberdiek, subset generic (HO)
Package: hobsub 2016/05/16 v1.14 Construct package bundles (HO)
Package: infwarerr 2016/05/16 v1.4 Providing info/warning/error messages (HO)
Package: ltxcmds 2016/05/16 v1.23 LaTeX kernel commands for general use (HO)
Package hobsub Info: Skipping package `ifluatex' (already loaded).
Package: ifvtex 2016/05/16 v1.6 Detect VTeX and its facilities (HO)
Package ifvtex Info: VTeX not detected.
Package: intcalc 2016/05/16 v1.2 Expandable calculations with integers (HO)
Package hobsub Info: Skipping package `ifpdf' (already loaded).
Package: etexcmds 2016/05/16 v1.6 Avoid name clashes with e-TeX commands (HO)
Package: kvsetkeys 2016/05/16 v1.17 Key value parser (HO)
Package: kvdefinekeys 2016/05/16 v1.4 Define keys (HO)
Package: pdftexcmds 2018/09/10 v0.29 Utility functions of pdfTeX for LuaTeX (HO
)
Package pdftexcmds Info: LuaTeX not detected.
Package pdftexcmds Info: \pdf@primitive is available.
Package pdftexcmds Info: \pdf@ifprimitive is available.
Package pdftexcmds Info: \pdfdraftmode found.
Package: pdfescape 2016/05/16 v1.14 Implements pdfTeX's escape features (HO)
Package: bigintcalc 2016/05/16 v1.4 Expandable calculations on big integers (HO
)
Package: bitset 2016/05/16 v1.2 Handle bit-vector datatype (HO)
Package: uniquecounter 2016/05/16 v1.3 Provide unlimited unique counter (HO)
)
Package hobsub Info: Skipping package `hobsub' (already loaded).
Package: letltxmacro 2016/05/16 v1.5 Let assignment for LaTeX macros (HO)
Package: hopatch 2016/05/16 v1.3 Wrapper for package hooks (HO)
Package: xcolor-patch 2016/05/16 xcolor patch
Package: atveryend 2016/05/16 v1.9 Hooks at the very end of document (HO)
Package atveryend Info: \enddocument detected (standard20110627).
Package: atbegshi 2016/06/09 v1.18 At begin shipout hook (HO)
Package: refcount 2016/05/16 v3.5 Data extraction from label references (HO)
Package: hycolor 2016/05/16 v1.8 Color options for hyperref/bookmark (HO)
)
("C:\Program Files\MiKTeX 2.9\tex/latex/graphics\keyval.sty"
Package: keyval 2014/10/28 v1.15 key=value parser (DPC)
\KV@toks@=\toks18
)
("C:\Program Files\MiKTeX 2.9\tex/latex/oberdiek\auxhook.sty"
Package: auxhook 2016/05/16 v1.4 Hooks for auxiliary files (HO)
)
("C:\Program Files\MiKTeX 2.9\tex/latex/oberdiek\kvoptions.sty"
Package: kvoptions 2016/05/16 v3.12 Key value format for package options (HO)
)
\@linkdim=\dimen103
\Hy@linkcounter=\count90
\Hy@pagecounter=\count91

("C:\Program Files\MiKTeX 2.9\tex/latex/hyperref\pd1enc.def"
File: pd1enc.def 2018/11/30 v6.88e Hyperref: PDFDocEncoding definition (HO)
)
\Hy@SavedSpaceFactor=\count92

("C:\Program Files\MiKTeX 2.9\tex/latex/00miktex\hyperref.cfg"
File: hyperref.cfg 2002/06/06 v1.2 hyperref configuration of TeXLive
)
Package hyperref Info: Option `pdfa' set `true' on input line 4393.
Package hyperref Info: Hyper figures OFF on input line 4519.
Package hyperref Info: Link nesting OFF on input line 4524.
Package hyperref Info: Hyper index ON on input line 4527.
Package hyperref Info: Plain pages OFF on input line 4534.
Package hyperref Info: Backreferencing OFF on input line 4539.
Package hyperref Info: Implicit mode ON; LaTeX internals redefined.
Package hyperref Info: Bookmarks ON on input line 4772.
\c@Hy@tempcnt=\count93

("C:\Program Files\MiKTeX 2.9\tex/latex/url\url.sty"
\Urlmuskip=\muskip10
Package: url 2013/09/16  ver 3.4  Verb mode for urls, etc.
)
LaTeX Info: Redefining \url on input line 5125.
\XeTeXLinkMargin=\dimen104
\Fld@menulength=\count94
\Field@Width=\dimen105
\Fld@charsize=\dimen106
Package hyperref Info: Hyper figures OFF on input line 6380.
Package hyperref Info: Link nesting OFF on input line 6385.
Package hyperref Info: Hyper index ON on input line 6388.
Package hyperref Info: backreferencing OFF on input line 6395.
Package hyperref Info: Link coloring OFF on input line 6400.
Package hyperref Info: Link coloring with OCG OFF on input line 6405.
Package hyperref Info: PDF/A mode ON on input line 6408.
LaTeX Info: Redefining \ref on input line 6450.
LaTeX Info: Redefining \pageref on input line 6454.
\Hy@abspage=\count95
\c@Item=\count96
\c@Hfootnote=\count97
)
Package hyperref Info: Driver: hpdftex.

("C:\Program Files\MiKTeX 2.9\tex/latex/hyperref\hpdftex.def"
File: hpdftex.def 2018/11/30 v6.88e Hyperref driver for pdfTeX
\Fld@listcount=\count98
\c@bookmark@seq@number=\count99

("C:\Program Files\MiKTeX 2.9\tex/latex/oberdiek\rerunfilecheck.sty"
Package: rerunfilecheck 2016/05/16 v1.8 Rerun checks for auxiliary files (HO)
Package uniquecounter Info: New unique counter `rerunfilecheck' on input line 2
82.
)
\Hy@SectionHShift=\skip43
)
Package hyperref Info: Option `unicode' set `true' on input line 1463.

("C:\Program Files\MiKTeX 2.9\tex/latex/hyperref\puenc.def"
File: puenc.def 2018/11/30 v6.88e Hyperref: PDF Unicode definition (HO)
)
("C:\Program Files\MiKTeX 2.9\tex/generic/oberdiek\stringenc.sty"
Package: stringenc 2016/05/16 v1.11 Convert strings between diff. encodings (HO
)
)
Package hyperref Info: Option `psdextra' set `true' on input line 1465.

("C:\Program Files\MiKTeX 2.9\tex/latex/hyperref\psdextra.def"
File: psdextra.def 2018/11/30 v6.88e Hyperref: Additions to PDF string support
)
("C:\Program Files\MiKTeX 2.9\tex/generic/colorprofiles\colorprofiles.sty"
Package: colorprofiles 2018/11/01 v1.0.1 color profiles for PDF/X and PDF/A sup
port

("C:\Program Files\MiKTeX 2.9\tex/generic/colorprofiles\colorprofiles.tex"))
("C:\Program Files\MiKTeX 2.9\tex/generic/oberdiek\se-pdfdoc.def"
File: se-pdfdoc.def 2016/05/16 v1.11 stringenc: PDFDocEncoding
)
("C:\Program Files\MiKTeX 2.9\tex/latex/pdfx\AdobeColorProfiles.tex")
("C:\Program Files\MiKTeX 2.9\tex/latex/pdfx\8bit.def"
File: 8bit.def 2008/03/30 v1.1d Input encoding file
)
** pdfx: Metadata file thesis.xmpdata read successfully.
(thesis.xmpdata)<<sRGB.icc>>
("C:\Program Files\MiKTeX 2.9\tex/latex/pdfx\8bit.def"
File: 8bit.def 2008/03/30 v1.1d Input encoding file
)
("C:\Program Files\MiKTeX 2.9\tex/latex/pdfx\8bit.def"
File: 8bit.def 2008/03/30 v1.1d Input encoding file
)
("C:\Program Files\MiKTeX 2.9\tex/generic/oberdiek\se-utf8.def"
File: se-utf8.def 2016/05/16 v1.11 stringenc: UTF-8
)
("C:\Program Files\MiKTeX 2.9\tex/latex/pdfx\8bit.def"
File: 8bit.def 2008/03/30 v1.1d Input encoding file
)
Package hyperref Info: Option `unicode' set `true' on input line 2411.
Package hyperref Info: Option `unicode' set `true' on input line 2412.

("C:\Program Files\MiKTeX 2.9\tex/latex/pdfx\8bit.def"
File: 8bit.def 2008/03/30 v1.1d Input encoding file
)
("C:\Program Files\MiKTeX 2.9\tex/generic/pdftex\glyphtounicode.tex")
("C:\Program Files\MiKTeX 2.9\tex/latex/pdfx\glyphtounicode-cmr.tex")
("C:\Program Files\MiKTeX 2.9\tex/latex/pdfx\glyphtounicode-ntx.tex")
("C:\Program Files\MiKTeX 2.9\tex/latex/base\ifthen.sty"
Package: ifthen 2014/09/29 v1.1c Standard LaTeX ifthen package (DPC)
)
("C:\Program Files\MiKTeX 2.9\tex/latex/xmpincl\xmpincl.sty"
Package: xmpincl 2008/05/10 v2.2 Include XMP data in pdflatex
)
("C:\Program Files\MiKTeX 2.9\tex/latex/pdfx\8bit.def"
File: 8bit.def 2008/03/30 v1.1d Input encoding file
)
Using XMP template file: pdfa.xmp
\xmpinclWrite=\write3
\xmpinclRead=\read1
\openout3 = `pdfa.xmpi'.

<<pdfa.xmpi>>) ("C:\Program Files\MiKTeX 2.9\tex/latex/base\inputenc.sty"
Package: inputenc 2018/08/11 v1.3c Input encoding file
)
("C:\Program Files\MiKTeX 2.9\tex/latex/lm\lmodern.sty"
Package: lmodern 2009/10/30 v1.6 Latin Modern Fonts
LaTeX Font Info:    Overwriting symbol font `operators' in version `normal'
(Font)                  OT1/cmr/m/n --> OT1/lmr/m/n on input line 22.
LaTeX Font Info:    Overwriting symbol font `letters' in version `normal'
(Font)                  OML/cmm/m/it --> OML/lmm/m/it on input line 23.
LaTeX Font Info:    Overwriting symbol font `symbols' in version `normal'
(Font)                  OMS/cmsy/m/n --> OMS/lmsy/m/n on input line 24.
LaTeX Font Info:    Overwriting symbol font `largesymbols' in version `normal'
(Font)                  OMX/cmex/m/n --> OMX/lmex/m/n on input line 25.
LaTeX Font Info:    Overwriting symbol font `operators' in version `bold'
(Font)                  OT1/cmr/bx/n --> OT1/lmr/bx/n on input line 26.
LaTeX Font Info:    Overwriting symbol font `letters' in version `bold'
(Font)                  OML/cmm/b/it --> OML/lmm/b/it on input line 27.
LaTeX Font Info:    Overwriting symbol font `symbols' in version `bold'
(Font)                  OMS/cmsy/b/n --> OMS/lmsy/b/n on input line 28.
LaTeX Font Info:    Overwriting symbol font `largesymbols' in version `bold'
(Font)                  OMX/cmex/m/n --> OMX/lmex/m/n on input line 29.
LaTeX Font Info:    Overwriting math alphabet `\mathbf' in version `normal'
(Font)                  OT1/cmr/bx/n --> OT1/lmr/bx/n on input line 31.
LaTeX Font Info:    Overwriting math alphabet `\mathsf' in version `normal'
(Font)                  OT1/cmss/m/n --> OT1/lmss/m/n on input line 32.
LaTeX Font Info:    Overwriting math alphabet `\mathit' in version `normal'
(Font)                  OT1/cmr/m/it --> OT1/lmr/m/it on input line 33.
LaTeX Font Info:    Overwriting math alphabet `\mathtt' in version `normal'
(Font)                  OT1/cmtt/m/n --> OT1/lmtt/m/n on input line 34.
LaTeX Font Info:    Overwriting math alphabet `\mathbf' in version `bold'
(Font)                  OT1/cmr/bx/n --> OT1/lmr/bx/n on input line 35.
LaTeX Font Info:    Overwriting math alphabet `\mathsf' in version `bold'
(Font)                  OT1/cmss/bx/n --> OT1/lmss/bx/n on input line 36.
LaTeX Font Info:    Overwriting math alphabet `\mathit' in version `bold'
(Font)                  OT1/cmr/bx/it --> OT1/lmr/bx/it on input line 37.
LaTeX Font Info:    Overwriting math alphabet `\mathtt' in version `bold'
(Font)                  OT1/cmtt/m/n --> OT1/lmtt/m/n on input line 38.
)
("C:\Program Files\MiKTeX 2.9\tex/latex/amsmath\amsmath.sty"
Package: amsmath 2018/12/01 v2.17b AMS math features
\@mathmargin=\skip44

For additional information on amsmath, use the `?' option.
("C:\Program Files\MiKTeX 2.9\tex/latex/amsmath\amstext.sty"
Package: amstext 2000/06/29 v2.01 AMS text

("C:\Program Files\MiKTeX 2.9\tex/latex/amsmath\amsgen.sty"
File: amsgen.sty 1999/11/30 v2.0 generic functions
\@emptytoks=\toks19
\ex@=\dimen107
))
("C:\Program Files\MiKTeX 2.9\tex/latex/amsmath\amsbsy.sty"
Package: amsbsy 1999/11/29 v1.2d Bold Symbols
\pmbraise@=\dimen108
)
("C:\Program Files\MiKTeX 2.9\tex/latex/amsmath\amsopn.sty"
Package: amsopn 2016/03/08 v2.02 operator names
)
\inf@bad=\count100
LaTeX Info: Redefining \frac on input line 223.
\uproot@=\count101
\leftroot@=\count102
LaTeX Info: Redefining \overline on input line 385.
\classnum@=\count103
\DOTSCASE@=\count104
LaTeX Info: Redefining \ldots on input line 482.
LaTeX Info: Redefining \dots on input line 485.
LaTeX Info: Redefining \cdots on input line 606.
\Mathstrutbox@=\box27
\strutbox@=\box28
\big@size=\dimen109
LaTeX Font Info:    Redeclaring font encoding OML on input line 729.
LaTeX Font Info:    Redeclaring font encoding OMS on input line 730.
\macc@depth=\count105
\c@MaxMatrixCols=\count106
\dotsspace@=\muskip11
\c@parentequation=\count107
\dspbrk@lvl=\count108
\tag@help=\toks20
\row@=\count109
\column@=\count110
\maxfields@=\count111
\andhelp@=\toks21
\eqnshift@=\dimen110
\alignsep@=\dimen111
\tagshift@=\dimen112
\tagwidth@=\dimen113
\totwidth@=\dimen114
\lineht@=\dimen115
\@envbody=\toks22
\multlinegap=\skip45
\multlinetaggap=\skip46
\mathdisplay@stack=\toks23
LaTeX Info: Redefining \[ on input line 2844.
LaTeX Info: Redefining \] on input line 2845.
)
("C:\Program Files\MiKTeX 2.9\tex/latex/amsfonts\amsfonts.sty"
Package: amsfonts 2013/01/14 v3.01 Basic AMSFonts support
\symAMSa=\mathgroup4
\symAMSb=\mathgroup5
LaTeX Font Info:    Overwriting math alphabet `\mathfrak' in version `bold'
(Font)                  U/euf/m/n --> U/euf/b/n on input line 106.
)
("C:\Program Files\MiKTeX 2.9\tex/latex/amscls\amsthm.sty"
Package: amsthm 2017/10/31 v2.20.4
\thm@style=\toks24
\thm@bodyfont=\toks25
\thm@headfont=\toks26
\thm@notefont=\toks27
\thm@headpunct=\toks28
\thm@preskip=\skip47
\thm@postskip=\skip48
\thm@headsep=\skip49
\dth@everypar=\toks29
)
("C:\Program Files\MiKTeX 2.9\tex/latex/bbding\bbding.sty"
Package: bbding 1999/04/15 v1.01 Dingbats symbols
)
("C:\Program Files\MiKTeX 2.9\tex/latex/tools\bm.sty"
Package: bm 2017/01/16 v1.2c Bold Symbol Support (DPC/FMi)
\symboldoperators=\mathgroup6
\symboldletters=\mathgroup7
\symboldsymbols=\mathgroup8
LaTeX Font Info:    Redeclaring math alphabet \mathbf on input line 141.
LaTeX Info: Redefining \bm on input line 207.
)
("C:\Program Files\MiKTeX 2.9\tex/latex/graphics\graphicx.sty"
Package: graphicx 2017/06/01 v1.1a Enhanced LaTeX Graphics (DPC,SPQR)

("C:\Program Files\MiKTeX 2.9\tex/latex/graphics\graphics.sty"
Package: graphics 2017/06/25 v1.2c Standard LaTeX Graphics (DPC,SPQR)

("C:\Program Files\MiKTeX 2.9\tex/latex/graphics\trig.sty"
Package: trig 2016/01/03 v1.10 sin cos tan (DPC)
)
("C:\Program Files\MiKTeX 2.9\tex/latex/graphics-cfg\graphics.cfg"
File: graphics.cfg 2016/06/04 v1.11 sample graphics configuration
)
Package graphics Info: Driver file: pdftex.def on input line 99.
)
\Gin@req@height=\dimen116
\Gin@req@width=\dimen117
)
("C:\Program Files\MiKTeX 2.9\tex/latex/fancyvrb\fancyvrb.sty"
Package: fancyvrb 2019/01/15

Style option: `fancyvrb' v3.2a <2019/01/15> (tvz)
\FV@CodeLineNo=\count112
\FV@InFile=\read2
\FV@TabBox=\box29
\c@FancyVerbLine=\count113
\FV@StepNumber=\count114
\FV@OutFile=\write4
)
("C:\Program Files\MiKTeX 2.9\tex/latex/natbib\natbib.sty"
Package: natbib 2010/09/13 8.31b (PWD, AO)
\bibhang=\skip50
\bibsep=\skip51
LaTeX Info: Redefining \cite on input line 694.
\c@NAT@ctr=\count115
)
("C:\Program Files\MiKTeX 2.9\tex/latex/tocbibind\tocbibind.sty"
Package: tocbibind 2010/10/13 v1.5k extra ToC listings
Package tocbibind Info: The document has chapter divisions on input line 50.


Package tocbibind Note: Using chapter style headings, unless overridden.

) ("C:\Program Files\MiKTeX 2.9\tex/latex/tools\dcolumn.sty"
Package: dcolumn 2014/10/28 v1.06 decimal alignment package (DPC)

("C:\Program Files\MiKTeX 2.9\tex/latex/tools\array.sty"
Package: array 2018/11/13 v2.4j Tabular extension package (FMi)
\col@sep=\dimen118
\ar@mcellbox=\box30
\extrarowheight=\dimen119
\NC@list=\toks30
\extratabsurround=\skip52
\backup@length=\skip53
\ar@cellbox=\box31
))
("C:\Program Files\MiKTeX 2.9\tex/latex/booktabs\booktabs.sty"
Package: booktabs 2005/04/14 v1.61803 publication quality tables
\heavyrulewidth=\dimen120
\lightrulewidth=\dimen121
\cmidrulewidth=\dimen122
\belowrulesep=\dimen123
\belowbottomsep=\dimen124
\aboverulesep=\dimen125
\abovetopsep=\dimen126
\cmidrulesep=\dimen127
\cmidrulekern=\dimen128
\defaultaddspace=\dimen129
\@cmidla=\count116
\@cmidlb=\count117
\@aboverulesep=\dimen130
\@belowrulesep=\dimen131
\@thisruleclass=\count118
\@lastruleclass=\count119
\@thisrulewidth=\dimen132
)
("C:\Program Files\MiKTeX 2.9\tex/latex/paralist\paralist.sty"
Package: paralist 2017/01/22 v2.7 Extended list environments
\pltopsep=\skip54
\plpartopsep=\skip55
\plitemsep=\skip56
\plparsep=\skip57
\pl@lab=\toks31
)
("C:\Program Files\MiKTeX 2.9\tex/latex/pgf/frontendlayer\tikz.sty"
("C:\Program Files\MiKTeX 2.9\tex/latex/pgf/basiclayer\pgf.sty"
("C:\Program Files\MiKTeX 2.9\tex/latex/pgf/utilities\pgfrcs.sty"
("C:\Program Files\MiKTeX 2.9\tex/generic/pgf/utilities\pgfutil-common.tex"
\pgfutil@everybye=\toks32
\pgfutil@tempdima=\dimen133
\pgfutil@tempdimb=\dimen134

("C:\Program Files\MiKTeX 2.9\tex/generic/pgf/utilities\pgfutil-common-lists.te
x")) ("C:\Program Files\MiKTeX 2.9\tex/generic/pgf/utilities\pgfutil-latex.def"
\pgfutil@abb=\box32
) ("C:\Program Files\MiKTeX 2.9\tex/generic/pgf/utilities\pgfrcs.code.tex"
("C:\Program Files\MiKTeX 2.9\tex/generic/pgf\pgf.revision.tex")
Package: pgfrcs 2019/02/02 v3.1.1 (3.1.1)
))
Package: pgf 2019/02/02 v3.1.1 (3.1.1)

("C:\Program Files\MiKTeX 2.9\tex/latex/pgf/basiclayer\pgfcore.sty"
("C:\Program Files\MiKTeX 2.9\tex/latex/pgf/systemlayer\pgfsys.sty"
("C:\Program Files\MiKTeX 2.9\tex/generic/pgf/systemlayer\pgfsys.code.tex"
Package: pgfsys 2019/02/02 v3.1.1 (3.1.1)

("C:\Program Files\MiKTeX 2.9\tex/generic/pgf/utilities\pgfkeys.code.tex"
\pgfkeys@pathtoks=\toks33
\pgfkeys@temptoks=\toks34

("C:\Program Files\MiKTeX 2.9\tex/generic/pgf/utilities\pgfkeysfiltered.code.te
x"
\pgfkeys@tmptoks=\toks35
))
\pgf@x=\dimen135
\pgf@y=\dimen136
\pgf@xa=\dimen137
\pgf@ya=\dimen138
\pgf@xb=\dimen139
\pgf@yb=\dimen140
\pgf@xc=\dimen141
\pgf@yc=\dimen142
\w@pgf@writea=\write5
\r@pgf@reada=\read3
\c@pgf@counta=\count120
\c@pgf@countb=\count121
\c@pgf@countc=\count122
\c@pgf@countd=\count123
\t@pgf@toka=\toks36
\t@pgf@tokb=\toks37
\t@pgf@tokc=\toks38
\pgf@sys@id@count=\count124
 ("C:\Program Files\MiKTeX 2.9\tex/generic/pgf/systemlayer\pgf.cfg"
File: pgf.cfg 2019/02/02 v3.1.1 (3.1.1)
)
Driver file for pgf: pgfsys-pdftex.def

("C:\Program Files\MiKTeX 2.9\tex/generic/pgf/systemlayer\pgfsys-pdftex.def"
File: pgfsys-pdftex.def 2019/02/02 v3.1.1 (3.1.1)

("C:\Program Files\MiKTeX 2.9\tex/generic/pgf/systemlayer\pgfsys-common-pdf.def
"
File: pgfsys-common-pdf.def 2019/02/02 v3.1.1 (3.1.1)
)))
("C:\Program Files\MiKTeX 2.9\tex/generic/pgf/systemlayer\pgfsyssoftpath.code.t
ex"
File: pgfsyssoftpath.code.tex 2019/02/02 v3.1.1 (3.1.1)
\pgfsyssoftpath@smallbuffer@items=\count125
\pgfsyssoftpath@bigbuffer@items=\count126
)
("C:\Program Files\MiKTeX 2.9\tex/generic/pgf/systemlayer\pgfsysprotocol.code.t
ex"
File: pgfsysprotocol.code.tex 2019/02/02 v3.1.1 (3.1.1)
)) ("C:\Program Files\MiKTeX 2.9\tex/generic/pgf/basiclayer\pgfcore.code.tex"
Package: pgfcore 2019/02/02 v3.1.1 (3.1.1)
 ("C:\Program Files\MiKTeX 2.9\tex/generic/pgf/math\pgfmath.code.tex"
("C:\Program Files\MiKTeX 2.9\tex/generic/pgf/math\pgfmathcalc.code.tex"
("C:\Program Files\MiKTeX 2.9\tex/generic/pgf/math\pgfmathutil.code.tex")
("C:\Program Files\MiKTeX 2.9\tex/generic/pgf/math\pgfmathparser.code.tex"
\pgfmath@dimen=\dimen143
\pgfmath@count=\count127
\pgfmath@box=\box33
\pgfmath@toks=\toks39
\pgfmath@stack@operand=\toks40
\pgfmath@stack@operation=\toks41
)
("C:\Program Files\MiKTeX 2.9\tex/generic/pgf/math\pgfmathfunctions.code.tex"
("C:\Program Files\MiKTeX 2.9\tex/generic/pgf/math\pgfmathfunctions.basic.code.
tex")
("C:\Program Files\MiKTeX 2.9\tex/generic/pgf/math\pgfmathfunctions.trigonometr
ic.code.tex")
("C:\Program Files\MiKTeX 2.9\tex/generic/pgf/math\pgfmathfunctions.random.code
.tex")
("C:\Program Files\MiKTeX 2.9\tex/generic/pgf/math\pgfmathfunctions.comparison.
code.tex")
("C:\Program Files\MiKTeX 2.9\tex/generic/pgf/math\pgfmathfunctions.base.code.t
ex")
("C:\Program Files\MiKTeX 2.9\tex/generic/pgf/math\pgfmathfunctions.round.code.
tex")
("C:\Program Files\MiKTeX 2.9\tex/generic/pgf/math\pgfmathfunctions.misc.code.t
ex")
("C:\Program Files\MiKTeX 2.9\tex/generic/pgf/math\pgfmathfunctions.integerarit
hmetics.code.tex")))
("C:\Program Files\MiKTeX 2.9\tex/generic/pgf/math\pgfmathfloat.code.tex"
\c@pgfmathroundto@lastzeros=\count128
))
("C:\Program Files\MiKTeX 2.9\tex/generic/pgf/basiclayer\pgfcorepoints.code.tex
"
File: pgfcorepoints.code.tex 2019/02/02 v3.1.1 (3.1.1)
\pgf@picminx=\dimen144
\pgf@picmaxx=\dimen145
\pgf@picminy=\dimen146
\pgf@picmaxy=\dimen147
\pgf@pathminx=\dimen148
\pgf@pathmaxx=\dimen149
\pgf@pathminy=\dimen150
\pgf@pathmaxy=\dimen151
\pgf@xx=\dimen152
\pgf@xy=\dimen153
\pgf@yx=\dimen154
\pgf@yy=\dimen155
\pgf@zx=\dimen156
\pgf@zy=\dimen157
)
("C:\Program Files\MiKTeX 2.9\tex/generic/pgf/basiclayer\pgfcorepathconstruct.c
ode.tex"
File: pgfcorepathconstruct.code.tex 2019/02/02 v3.1.1 (3.1.1)
\pgf@path@lastx=\dimen158
\pgf@path@lasty=\dimen159
)
("C:\Program Files\MiKTeX 2.9\tex/generic/pgf/basiclayer\pgfcorepathusage.code.
tex"
File: pgfcorepathusage.code.tex 2019/02/02 v3.1.1 (3.1.1)
\pgf@shorten@end@additional=\dimen160
\pgf@shorten@start@additional=\dimen161
)
("C:\Program Files\MiKTeX 2.9\tex/generic/pgf/basiclayer\pgfcorescopes.code.tex
"
File: pgfcorescopes.code.tex 2019/02/02 v3.1.1 (3.1.1)
\pgfpic=\box34
\pgf@hbox=\box35
\pgf@layerbox@main=\box36
\pgf@picture@serial@count=\count129
)
("C:\Program Files\MiKTeX 2.9\tex/generic/pgf/basiclayer\pgfcoregraphicstate.co
de.tex"
File: pgfcoregraphicstate.code.tex 2019/02/02 v3.1.1 (3.1.1)
\pgflinewidth=\dimen162
)
("C:\Program Files\MiKTeX 2.9\tex/generic/pgf/basiclayer\pgfcoretransformations
.code.tex"
File: pgfcoretransformations.code.tex 2019/02/02 v3.1.1 (3.1.1)
\pgf@pt@x=\dimen163
\pgf@pt@y=\dimen164
\pgf@pt@temp=\dimen165
)
("C:\Program Files\MiKTeX 2.9\tex/generic/pgf/basiclayer\pgfcorequick.code.tex"
File: pgfcorequick.code.tex 2019/02/02 v3.1.1 (3.1.1)
)
("C:\Program Files\MiKTeX 2.9\tex/generic/pgf/basiclayer\pgfcoreobjects.code.te
x"
File: pgfcoreobjects.code.tex 2019/02/02 v3.1.1 (3.1.1)
)
("C:\Program Files\MiKTeX 2.9\tex/generic/pgf/basiclayer\pgfcorepathprocessing.
code.tex"
File: pgfcorepathprocessing.code.tex 2019/02/02 v3.1.1 (3.1.1)
)
("C:\Program Files\MiKTeX 2.9\tex/generic/pgf/basiclayer\pgfcorearrows.code.tex
"
File: pgfcorearrows.code.tex 2019/02/02 v3.1.1 (3.1.1)
\pgfarrowsep=\dimen166
)
("C:\Program Files\MiKTeX 2.9\tex/generic/pgf/basiclayer\pgfcoreshade.code.tex"
File: pgfcoreshade.code.tex 2019/02/02 v3.1.1 (3.1.1)
\pgf@max=\dimen167
\pgf@sys@shading@range@num=\count130
) ("C:\Program Files\MiKTeX 2.9\tex/generic/pgf/basiclayer\pgfcoreimage.code.te
x"
File: pgfcoreimage.code.tex 2019/02/02 v3.1.1 (3.1.1)

("C:\Program Files\MiKTeX 2.9\tex/generic/pgf/basiclayer\pgfcoreexternal.code.t
ex"
File: pgfcoreexternal.code.tex 2019/02/02 v3.1.1 (3.1.1)
\pgfexternal@startupbox=\box37
))
("C:\Program Files\MiKTeX 2.9\tex/generic/pgf/basiclayer\pgfcorelayers.code.tex
"
File: pgfcorelayers.code.tex 2019/02/02 v3.1.1 (3.1.1)
)
("C:\Program Files\MiKTeX 2.9\tex/generic/pgf/basiclayer\pgfcoretransparency.co
de.tex"
File: pgfcoretransparency.code.tex 2019/02/02 v3.1.1 (3.1.1)
)
("C:\Program Files\MiKTeX 2.9\tex/generic/pgf/basiclayer\pgfcorepatterns.code.t
ex"
File: pgfcorepatterns.code.tex 2019/02/02 v3.1.1 (3.1.1)
)
("C:\Program Files\MiKTeX 2.9\tex/generic/pgf/basiclayer\pgfcorerdf.code.tex"
File: pgfcorerdf.code.tex 2019/02/02 v3.1.1 (3.1.1)
))) ("C:\Program Files\MiKTeX 2.9\tex/generic/pgf/modules\pgfmoduleshapes.code.
tex"
File: pgfmoduleshapes.code.tex 2019/02/02 v3.1.1 (3.1.1)
\pgfnodeparttextbox=\box38
) ("C:\Program Files\MiKTeX 2.9\tex/generic/pgf/modules\pgfmoduleplot.code.tex"
File: pgfmoduleplot.code.tex 2019/02/02 v3.1.1 (3.1.1)
)
("C:\Program Files\MiKTeX 2.9\tex/latex/pgf/compatibility\pgfcomp-version-0-65.
sty"
Package: pgfcomp-version-0-65 2019/02/02 v3.1.1 (3.1.1)
\pgf@nodesepstart=\dimen168
\pgf@nodesepend=\dimen169
)
("C:\Program Files\MiKTeX 2.9\tex/latex/pgf/compatibility\pgfcomp-version-1-18.
sty"
Package: pgfcomp-version-1-18 2019/02/02 v3.1.1 (3.1.1)
)) ("C:\Program Files\MiKTeX 2.9\tex/latex/pgf/utilities\pgffor.sty"
("C:\Program Files\MiKTeX 2.9\tex/latex/pgf/utilities\pgfkeys.sty"
("C:\Program Files\MiKTeX 2.9\tex/generic/pgf/utilities\pgfkeys.code.tex"))
("C:\Program Files\MiKTeX 2.9\tex/latex/pgf/math\pgfmath.sty"
("C:\Program Files\MiKTeX 2.9\tex/generic/pgf/math\pgfmath.code.tex"))
("C:\Program Files\MiKTeX 2.9\tex/generic/pgf/utilities\pgffor.code.tex"
Package: pgffor 2019/02/02 v3.1.1 (3.1.1)

("C:\Program Files\MiKTeX 2.9\tex/generic/pgf/math\pgfmath.code.tex")
\pgffor@iter=\dimen170
\pgffor@skip=\dimen171
\pgffor@stack=\toks42
\pgffor@toks=\toks43
))
("C:\Program Files\MiKTeX 2.9\tex/generic/pgf/frontendlayer/tikz\tikz.code.tex"
Package: tikz 2019/02/02 v3.1.1 (3.1.1)

("C:\Program Files\MiKTeX 2.9\tex/generic/pgf/libraries\pgflibraryplothandlers.
code.tex"
File: pgflibraryplothandlers.code.tex 2019/02/02 v3.1.1 (3.1.1)
\pgf@plot@mark@count=\count131
\pgfplotmarksize=\dimen172
)
\tikz@lastx=\dimen173
\tikz@lasty=\dimen174
\tikz@lastxsaved=\dimen175
\tikz@lastysaved=\dimen176
\tikzleveldistance=\dimen177
\tikzsiblingdistance=\dimen178
\tikz@figbox=\box39
\tikz@figbox@bg=\box40
\tikz@tempbox=\box41
\tikz@tempbox@bg=\box42
\tikztreelevel=\count132
\tikznumberofchildren=\count133
\tikznumberofcurrentchild=\count134
\tikz@fig@count=\count135

("C:\Program Files\MiKTeX 2.9\tex/generic/pgf/modules\pgfmodulematrix.code.tex"
File: pgfmodulematrix.code.tex 2019/02/02 v3.1.1 (3.1.1)
\pgfmatrixcurrentrow=\count136
\pgfmatrixcurrentcolumn=\count137
\pgf@matrix@numberofcolumns=\count138
)
\tikz@expandcount=\count139

("C:\Program Files\MiKTeX 2.9\tex/generic/pgf/frontendlayer/tikz/libraries\tikz
librarytopaths.code.tex"
File: tikzlibrarytopaths.code.tex 2019/02/02 v3.1.1 (3.1.1)
)))
("C:\Program Files\MiKTeX 2.9\tex/latex/csvsimple\csvsimple.sty"
Package: csvsimple 2016/07/01 version 1.20 LaTeX CSV file processing

("C:\Program Files\MiKTeX 2.9\tex/latex/etoolbox\etoolbox.sty"
Package: etoolbox 2018/08/19 v2.5f e-TeX tools for LaTeX (JAW)
\etb@tempcnta=\count140
)
("C:\Program Files\MiKTeX 2.9\tex/latex/tools\shellesc.sty"
Package: shellesc 2016/06/07 v0.02a unified shell escape interface for LaTeX
Package shellesc Info: Restricted shell escape enabled on input line 69.
)
\csv@file=\read4
\c@csvinputline=\count141
\c@csvrow=\count142
\c@csvcol=\count143
\csv@out=\write6
)
("C:\Program Files\MiKTeX 2.9\tex/generic/pgf/frontendlayer/tikz/libraries\tikz
libraryarrows.code.tex"
File: tikzlibraryarrows.code.tex 2019/02/02 v3.1.1 (3.1.1)

("C:\Program Files\MiKTeX 2.9\tex/generic/pgf/libraries\pgflibraryarrows.code.t
ex"
File: pgflibraryarrows.code.tex 2019/02/02 v3.1.1 (3.1.1)
\arrowsize=\dimen179
))
("C:\Program Files\MiKTeX 2.9\tex/generic/pgf/frontendlayer/tikz/libraries\tikz
librarypositioning.code.tex"
File: tikzlibrarypositioning.code.tex 2019/02/02 v3.1.1 (3.1.1)
)
("C:\Program Files\MiKTeX 2.9\tex/generic/pgf/frontendlayer/tikz/libraries\tikz
libraryshapes.code.tex"
File: tikzlibraryshapes.code.tex 2019/02/02 v3.1.1 (3.1.1)

("C:\Program Files\MiKTeX 2.9\tex/generic/pgf/frontendlayer/tikz/libraries\tikz
libraryshapes.geometric.code.tex"
File: tikzlibraryshapes.geometric.code.tex 2019/02/02 v3.1.1 (3.1.1)

("C:\Program Files\MiKTeX 2.9\tex/generic/pgf/libraries/shapes\pgflibraryshapes
.geometric.code.tex"
File: pgflibraryshapes.geometric.code.tex 2019/02/02 v3.1.1 (3.1.1)
))
("C:\Program Files\MiKTeX 2.9\tex/generic/pgf/frontendlayer/tikz/libraries\tikz
libraryshapes.misc.code.tex"
File: tikzlibraryshapes.misc.code.tex 2019/02/02 v3.1.1 (3.1.1)

("C:\Program Files\MiKTeX 2.9\tex/generic/pgf/libraries/shapes\pgflibraryshapes
.misc.code.tex"
File: pgflibraryshapes.misc.code.tex 2019/02/02 v3.1.1 (3.1.1)
))
("C:\Program Files\MiKTeX 2.9\tex/generic/pgf/frontendlayer/tikz/libraries\tikz
libraryshapes.symbols.code.tex"
File: tikzlibraryshapes.symbols.code.tex 2019/02/02 v3.1.1 (3.1.1)

("C:\Program Files\MiKTeX 2.9\tex/generic/pgf/libraries/shapes\pgflibraryshapes
.symbols.code.tex"
File: pgflibraryshapes.symbols.code.tex 2019/02/02 v3.1.1 (3.1.1)
))
("C:\Program Files\MiKTeX 2.9\tex/generic/pgf/frontendlayer/tikz/libraries\tikz
libraryshapes.arrows.code.tex"
File: tikzlibraryshapes.arrows.code.tex 2019/02/02 v3.1.1 (3.1.1)

("C:\Program Files\MiKTeX 2.9\tex/generic/pgf/libraries/shapes\pgflibraryshapes
.arrows.code.tex"
File: pgflibraryshapes.arrows.code.tex 2019/02/02 v3.1.1 (3.1.1)
))
("C:\Program Files\MiKTeX 2.9\tex/generic/pgf/frontendlayer/tikz/libraries\tikz
libraryshapes.callouts.code.tex"
("C:\Program Files\MiKTeX 2.9\tex/generic/pgf/libraries/shapes\pgflibraryshapes
.callouts.code.tex"))
("C:\Program Files\MiKTeX 2.9\tex/generic/pgf/frontendlayer/tikz/libraries\tikz
libraryshapes.multipart.code.tex"
File: tikzlibraryshapes.multipart.code.tex 2019/02/02 v3.1.1 (3.1.1)

("C:\Program Files\MiKTeX 2.9\tex/generic/pgf/libraries/shapes\pgflibraryshapes
.multipart.code.tex"
File: pgflibraryshapes.multipart.code.tex 2019/02/02 v3.1.1 (3.1.1)
\pgfnodepartlowerbox=\box43
\pgfnodeparttwobox=\box44
\pgfnodepartthreebox=\box45
\pgfnodepartfourbox=\box46
\pgfnodeparttwentybox=\box47
\pgfnodepartnineteenbox=\box48
\pgfnodeparteighteenbox=\box49
\pgfnodepartseventeenbox=\box50
\pgfnodepartsixteenbox=\box51
\pgfnodepartfifteenbox=\box52
\pgfnodepartfourteenbox=\box53
\pgfnodepartthirteenbox=\box54
\pgfnodeparttwelvebox=\box55
\pgfnodepartelevenbox=\box56
\pgfnodeparttenbox=\box57
\pgfnodepartninebox=\box58
\pgfnodeparteightbox=\box59
\pgfnodepartsevenbox=\box60
\pgfnodepartsixbox=\box61
\pgfnodepartfivebox=\box62
)))
("C:\Program Files\MiKTeX 2.9\tex/latex/subfig\subfig.sty"
Package: subfig 2005/06/28 ver: 1.3 subfig package

("C:\Program Files\MiKTeX 2.9\tex/latex/caption\caption.sty"
Package: caption 2018/10/06 v3.3-154 Customizing captions (AR)

("C:\Program Files\MiKTeX 2.9\tex/latex/caption\caption3.sty"
Package: caption3 2018/09/12 v1.8c caption3 kernel (AR)
Package caption3 Info: TeX engine: e-TeX on input line 64.
\captionmargin=\dimen180
\captionmargin@=\dimen181
\captionwidth=\dimen182
\caption@tempdima=\dimen183
\caption@indent=\dimen184
\caption@parindent=\dimen185
\caption@hangindent=\dimen186
)
\c@caption@flags=\count144
\c@ContinuedFloat=\count145
Package caption Info: hyperref package is loaded.
)
\c@KVtest=\count146
\sf@farskip=\skip58
\sf@captopadj=\dimen187
\sf@capskip=\skip59
\sf@nearskip=\skip60
\c@subfigure=\count147
\c@subfigure@save=\count148
\c@lofdepth=\count149
\c@subtable=\count150
\c@subtable@save=\count151
\c@lotdepth=\count152
\sf@top=\skip61
\sf@bottom=\skip62
)
("C:\Program Files\MiKTeX 2.9\tex/generic/pgf/frontendlayer/tikz/libraries\tikz
librarymatrix.code.tex"
File: tikzlibrarymatrix.code.tex 2019/02/02 v3.1.1 (3.1.1)
)
("C:\Program Files\MiKTeX 2.9\tex/generic/pgf/frontendlayer/tikz/libraries\tikz
libraryfit.code.tex"
File: tikzlibraryfit.code.tex 2019/02/02 v3.1.1 (3.1.1)
)
("C:\Program Files\MiKTeX 2.9\tex/latex/dirtree\dirtree.sty"
Package: dirtree 2012/12/11 v0.32 package wrapper for dirtree

("C:\Program Files\MiKTeX 2.9\tex/generic/dirtree\dirtree.tex"
`dirtree' v0.32, 2012/12/11 (jcc)
\DT@offset=\dimen188
\DT@width=\dimen189
\DT@sep=\dimen190
\DT@all=\dimen191
\DT@rulewidth=\dimen192
\DT@dotwidth=\dimen193
\DTbaselineskip=\dimen194
\DT@counti=\count153
\DT@countii=\count154
\DT@countiii=\count155
\DT@countiv=\count156
\DT@indent=\dimen195
\DT@parskip=\dimen196
\DT@baselineskip=\dimen197
)
File: dirtree.tex 2012/12/11 v0.32 `dirtree' (jcc)
)
Package hyperref Info: Option `colorlinks' set `true' on input line 67.
Package hyperref Info: Option `unicode' set `true' on input line 125.
Package hyperref Info: Option `breaklinks' set `true' on input line 126.

\@input{macros.aux}
\openout2 = `macros.aux'.

(macros.tex
\c@thm=\count157
\c@defn=\count158
) (thesis.aux (title.aux) (chap01.aux) (chap02.aux) (chap03.aux)
(chap04.aux) (chap05.aux) (chap06.aux) (bibliography.aux) (trainingparams.aux))
\openout1 = `thesis.aux'.

LaTeX Font Info:    Checking defaults for OML/cmm/m/it on input line 136.
LaTeX Font Info:    ... okay on input line 136.
LaTeX Font Info:    Checking defaults for T1/cmr/m/n on input line 136.
LaTeX Font Info:    ... okay on input line 136.
LaTeX Font Info:    Checking defaults for OT1/cmr/m/n on input line 136.
LaTeX Font Info:    ... okay on input line 136.
LaTeX Font Info:    Checking defaults for OMS/cmsy/m/n on input line 136.
LaTeX Font Info:    ... okay on input line 136.
LaTeX Font Info:    Checking defaults for OMX/cmex/m/n on input line 136.
LaTeX Font Info:    ... okay on input line 136.
LaTeX Font Info:    Checking defaults for U/cmr/m/n on input line 136.
LaTeX Font Info:    ... okay on input line 136.
LaTeX Font Info:    Checking defaults for PD1/pdf/m/n on input line 136.
LaTeX Font Info:    ... okay on input line 136.
LaTeX Font Info:    Checking defaults for PU/pdf/m/n on input line 136.
LaTeX Font Info:    ... okay on input line 136.
LaTeX Font Info:    Try loading font information for OT1+lmr on input line 136.

("C:\Program Files\MiKTeX 2.9\tex/latex/lm\ot1lmr.fd"
File: ot1lmr.fd 2009/10/30 v1.6 Font defs for Latin Modern
)
ABD: EveryShipout initializing macros
("C:\Program Files\MiKTeX 2.9\tex/context/base/mkii\supp-pdf.mkii"
[Loading MPS to PDF converter (version 2006.09.02).]
\scratchcounter=\count159
\scratchdimen=\dimen198
\scratchbox=\box63
\nofMPsegments=\count160
\nofMParguments=\count161
\everyMPshowfont=\toks44
\MPscratchCnt=\count162
\MPscratchDim=\dimen199
\MPnumerator=\count163
\makeMPintoPDFobject=\count164
\everyMPtoPDFconversion=\toks45
) ("C:\Program Files\MiKTeX 2.9\tex/latex/oberdiek\epstopdf-base.sty"
Package: epstopdf-base 2016/05/15 v2.6 Base part for package epstopdf

("C:\Program Files\MiKTeX 2.9\tex/latex/oberdiek\grfext.sty"
Package: grfext 2016/05/16 v1.2 Manage graphics extensions (HO)
)
Package epstopdf-base Info: Redefining graphics rule for `.eps' on input line 4
38.
Package grfext Info: Graphics extension search list:
(grfext)             [.pdf,.png,.jpg,.mps,.jpeg,.jbig2,.jb2,.PDF,.PNG,.JPG,.JPE
G,.JBIG2,.JB2,.eps]
(grfext)             \AppendGraphicsExtensions on input line 456.
)
\AtBeginShipoutBox=\box64
Package hyperref Info: Link coloring ON on input line 136.

("C:\Program Files\MiKTeX 2.9\tex/latex/hyperref\nameref.sty"
Package: nameref 2016/05/21 v2.44 Cross-referencing by name of section

("C:\Program Files\MiKTeX 2.9\tex/generic/oberdiek\gettitlestring.sty"
Package: gettitlestring 2016/05/16 v1.5 Cleanup title references (HO)
)
\c@section@level=\count165
)
LaTeX Info: Redefining \ref on input line 136.
LaTeX Info: Redefining \pageref on input line 136.
LaTeX Info: Redefining \nameref on input line 136.

(thesis.out) (thesis.out)
\@outlinefile=\write7
\openout7 = `thesis.out'.

Package caption Info: Begin \AtBeginDocument code.
Package caption Info: subfig package v1.3 is loaded.
Package caption Info: End \AtBeginDocument code.
\openout2 = `title.aux'.

 (title.tex
Package hyperref Info: Option `pageanchor' set `false' on input line 6.
<./img/logo-en.pdf, id=257, 506.4591pt x 156.49065pt>
File: ./img/logo-en.pdf Graphic file (type pdf)
<use ./img/logo-en.pdf>
Package pdftex.def Info: ./img/logo-en.pdf  used on input line 9.
(pdftex.def)             Requested size: 472.31573pt x 145.9455pt.
LaTeX Font Info:    Try loading font information for OML+lmm on input line 30.

("C:\Program Files\MiKTeX 2.9\tex/latex/lm\omllmm.fd"
File: omllmm.fd 2009/10/30 v1.6 Font defs for Latin Modern
)
LaTeX Font Info:    Try loading font information for OMS+lmsy on input line 30.


("C:\Program Files\MiKTeX 2.9\tex/latex/lm\omslmsy.fd"
File: omslmsy.fd 2009/10/30 v1.6 Font defs for Latin Modern
)
LaTeX Font Info:    Try loading font information for OMX+lmex on input line 30.


("C:\Program Files\MiKTeX 2.9\tex/latex/lm\omxlmex.fd"
File: omxlmex.fd 2009/10/30 v1.6 Font defs for Latin Modern
)
LaTeX Font Info:    External font `lmex10' loaded for size
(Font)              <12> on input line 30.
LaTeX Font Info:    External font `lmex10' loaded for size
(Font)              <8> on input line 30.
LaTeX Font Info:    External font `lmex10' loaded for size
(Font)              <6> on input line 30.
LaTeX Font Info:    Try loading font information for U+msa on input line 30.

("C:\Program Files\MiKTeX 2.9\tex/latex/amsfonts\umsa.fd"
File: umsa.fd 2013/01/14 v3.01 AMS symbols A
)
LaTeX Font Info:    Try loading font information for U+msb on input line 30.

("C:\Program Files\MiKTeX 2.9\tex/latex/amsfonts\umsb.fd"
File: umsb.fd 2013/01/14 v3.01 AMS symbols B
) [1




 <./img/logo-en.pdf>]
Package hyperref Info: Option `pageanchor' set `true' on input line 55.
 [1

] [2

] [3

]) (thesis.toc [1



])
\tf@toc=\write8
\openout8 = `thesis.toc'.

 [2]
\openout2 = `chap01.aux'.

 (chap01.tex
Chapter 1.
[3


]) [4]
\openout2 = `chap02.aux'.

 (chap02.tex
Chapter 2.
(img/slp.tex
Missing character: There is no ; in font nullfont!
Missing character: There is no ; in font nullfont!
) [5



]
Overfull \hbox (6.5451pt too wide) in paragraph at lines 18--19
[]\OT1/lmr/m/n/12 Multi-layer per-cep-trons, de-spite be-ing old (first ap-pear
-ing in [][]Rosen-blatt[][] [[][]1961[][]]),|
 []

(img/mlp.tex
Missing character: There is no ; in font nullfont!
Missing character: There is no ; in font nullfont!
Missing character: There is no ; in font nullfont!
) [6] (img/conv2d.tex) [7] (img/pool2D.tex) [8] [9] [10]) [11]
\openout2 = `chap03.aux'.


(chap03.tex
Chapter 3.
(tables/survey.tex

LaTeX Warning: No positions in optional float specifier.
               Default added (so using `tbp') on input line 1.

) (img/voxnet.tex) [12



] [13]
LaTeX Font Info:    External font `lmex10' loaded for size
(Font)              <10> on input line 21.
LaTeX Font Info:    External font `lmex10' loaded for size
(Font)              <7> on input line 21.
LaTeX Font Info:    External font `lmex10' loaded for size
(Font)              <5> on input line 21.
 [14] (img/voxblock.tex) (img/vrn.tex
Missing character: There is no ; in font nullfont!
) [15]
[16] (img/mvcnn.tex
Missing character: There is no ; in font nullfont!
Missing character: There is no ; in font nullfont!
 [17]) [18] (img/pointnet.tex
Missing character: There is no ; in font nullfont!
Missing character: There is no ; in font nullfont!


LaTeX Warning: Float too large for page by 18.71811pt on input line 80.

[19])) [20] [21]
\openout2 = `chap04.aux'.

 (chap04.tex
Chapter 4.
(img/examples/modelnet.tex
<./img/examples/bathtub_m.png, id=705, 224.84pt x 224.84pt>
File: ./img/examples/bathtub_m.png Graphic file (type png)
<use ./img/examples/bathtub_m.png>
Package pdftex.def Info: ./img/examples/bathtub_m.png  used on input line 3.
(pdftex.def)             Requested size: 181.52959pt x 181.53616pt.
<./img/examples/bed_m.png, id=707, 224.84pt x 224.84pt>
File: ./img/examples/bed_m.png Graphic file (type png)
<use ./img/examples/bed_m.png>
Package pdftex.def Info: ./img/examples/bed_m.png  used on input line 5.
(pdftex.def)             Requested size: 181.52959pt x 181.53616pt.
<./img/examples/flower_pot_m.png, id=708, 224.84pt x 224.84pt>
File: ./img/examples/flower_pot_m.png Graphic file (type png)
<use ./img/examples/flower_pot_m.png>
Package pdftex.def Info: ./img/examples/flower_pot_m.png  used on input line 8.

(pdftex.def)             Requested size: 181.52959pt x 181.53616pt.
<./img/examples/lamp_m.png, id=709, 224.84pt x 224.84pt>
File: ./img/examples/lamp_m.png Graphic file (type png)
<use ./img/examples/lamp_m.png>
Package pdftex.def Info: ./img/examples/lamp_m.png  used on input line 10.
(pdftex.def)             Requested size: 181.52959pt x 181.53616pt.
<./img/examples/radio_m.png, id=710, 224.84pt x 224.84pt>
File: ./img/examples/radio_m.png Graphic file (type png)
<use ./img/examples/radio_m.png>
Package pdftex.def Info: ./img/examples/radio_m.png  used on input line 13.
(pdftex.def)             Requested size: 181.52959pt x 181.53616pt.
<./img/examples/sofa_m.png, id=711, 224.84pt x 224.84pt>
File: ./img/examples/sofa_m.png Graphic file (type png)
<use ./img/examples/sofa_m.png>
Package pdftex.def Info: ./img/examples/sofa_m.png  used on input line 15.
(pdftex.def)             Requested size: 181.52959pt x 181.53616pt.


LaTeX Warning: `!h' float specifier changed to `!ht'.

) (tables/modelnet_cats.tex

LaTeX Warning: No positions in optional float specifier.
               Default added (so using `tbp') on input line 1.

) (img/examples/shapenet.tex
<./img/examples/bag.png, id=718, 224.84pt x 224.84pt>
File: ./img/examples/bag.png Graphic file (type png)
<use ./img/examples/bag.png>
Package pdftex.def Info: ./img/examples/bag.png  used on input line 3.
(pdftex.def)             Requested size: 181.52959pt x 181.53616pt.
<./img/examples/birdhouse.png, id=719, 224.84pt x 224.84pt>
File: ./img/examples/birdhouse.png Graphic file (type png)
<use ./img/examples/birdhouse.png>
Package pdftex.def Info: ./img/examples/birdhouse.png  used on input line 5.
(pdftex.def)             Requested size: 181.52959pt x 181.53616pt.
<./img/examples/cellulartelephone.png, id=720, 224.84pt x 224.84pt>
File: ./img/examples/cellulartelephone.png Graphic file (type png)
<use ./img/examples/cellulartelephone.png>
Package pdftex.def Info: ./img/examples/cellulartelephone.png  used on input li
ne 8.
(pdftex.def)             Requested size: 181.52959pt x 181.53616pt.
<./img/examples/microwave.png, id=721, 224.84pt x 224.84pt>
File: ./img/examples/microwave.png Graphic file (type png)
<use ./img/examples/microwave.png>
Package pdftex.def Info: ./img/examples/microwave.png  used on input line 10.
(pdftex.def)             Requested size: 181.52959pt x 181.53616pt.
<./img/examples/rifle.png, id=722, 224.84pt x 224.84pt>
File: ./img/examples/rifle.png Graphic file (type png)
<use ./img/examples/rifle.png>
Package pdftex.def Info: ./img/examples/rifle.png  used on input line 13.
(pdftex.def)             Requested size: 181.52959pt x 181.53616pt.
<./img/examples/tower.png, id=723, 224.84pt x 224.84pt>
File: ./img/examples/tower.png Graphic file (type png)
<use ./img/examples/tower.png>
Package pdftex.def Info: ./img/examples/tower.png  used on input line 15.
(pdftex.def)             Requested size: 181.52959pt x 181.53616pt.
 [22



] [23]

LaTeX Warning: `!h' float specifier changed to `!ht'.

) (tables/shapenet_cats.tex

LaTeX Warning: No positions in optional float specifier.
               Default added (so using `tbp') on input line 1.

[24 <./img/examples/bathtub_m.png> <./img/examples/bed_m.png> <./img/examples/f
lower_pot_m.png> <./img/examples/lamp_m.png> <./img/examples/radio_m.png> <./im
g/examples/sofa_m.png>]) [25 <./img/examples/bag.png> <./img/examples/birdhouse
.png> <./img/examples/cellulartelephone.png> <./img/examples/microwave.png> <./
img/examples/rifle.png> <./img/examples/tower.png>] [26]
<./img/myplane_2.png, id=785, 319.4334pt x 317.988pt>
File: ./img/myplane_2.png Graphic file (type png)
<use ./img/myplane_2.png>
Package pdftex.def Info: ./img/myplane_2.png  used on input line 47.
(pdftex.def)             Requested size: 181.52959pt x 180.7116pt.
<./img/vrnesn_plane_2.png, id=786, 323.0469pt x 321.6015pt>
File: ./img/vrnesn_plane_2.png Graphic file (type png)
<use ./img/vrnesn_plane_2.png>
Package pdftex.def Info: ./img/vrnesn_plane_2.png  used on input line 49.
(pdftex.def)             Requested size: 181.52959pt x 180.72372pt.


LaTeX Warning: `!h' float specifier changed to `!ht'.

<./img/airplane_rotnet.png, id=796, 224.84pt x 224.84pt>
File: ./img/airplane_rotnet.png Graphic file (type png)
<use ./img/airplane_rotnet.png>
Package pdftex.def Info: ./img/airplane_rotnet.png  used on input line 60.
(pdftex.def)             Requested size: 181.52959pt x 181.53616pt.
<./img/airplane_pbrt.png, id=797, 224.84pt x 224.84pt>
File: ./img/airplane_pbrt.png Graphic file (type png)
<use ./img/airplane_pbrt.png>
Package pdftex.def Info: ./img/airplane_pbrt.png  used on input line 62.
(pdftex.def)             Requested size: 181.52959pt x 181.53616pt.
<./img/airplane_depth.png, id=798, 224.84pt x 224.84pt>
File: ./img/airplane_depth.png Graphic file (type png)
<use ./img/airplane_depth.png>
Package pdftex.def Info: ./img/airplane_depth.png  used on input line 65.
(pdftex.def)             Requested size: 181.52959pt x 181.53616pt.
<./img/airplane_shaded.png, id=799, 224.84pt x 224.84pt>
File: ./img/airplane_shaded.png Graphic file (type png)
<use ./img/airplane_shaded.png>
Package pdftex.def Info: ./img/airplane_shaded.png  used on input line 67.
(pdftex.def)             Requested size: 181.52959pt x 181.53616pt.
[27]

LaTeX Warning: `!h' float specifier changed to `!ht'.

<./img/pnet_plane_1.png, id=821, 578.8827pt x 579.6054pt>
File: ./img/pnet_plane_1.png Graphic file (type png)
<use ./img/pnet_plane_1.png>
Package pdftex.def Info: ./img/pnet_plane_1.png  used on input line 79.
(pdftex.def)             Requested size: 185.65297pt x 185.88434pt.
<./img/myplane_1.png, id=822, 578.8827pt x 579.6054pt>
File: ./img/myplane_1.png Graphic file (type png)
<use ./img/myplane_1.png>
Package pdftex.def Info: ./img/myplane_1.png  used on input line 81.
(pdftex.def)             Requested size: 185.65297pt x 185.88434pt.
<./img/lloyd.png, id=823, 578.8827pt x 578.8827pt>
File: ./img/lloyd.png Graphic file (type png)
<use ./img/lloyd.png>
Package pdftex.def Info: ./img/lloyd.png  used on input line 83.
(pdftex.def)             Requested size: 185.65297pt x 185.65256pt.
<./img/sobol.png, id=824, 578.8827pt x 579.6054pt>
File: ./img/sobol.png Graphic file (type png)
<use ./img/sobol.png>
Package pdftex.def Info: ./img/sobol.png  used on input line 85.
(pdftex.def)             Requested size: 185.65297pt x 185.88434pt.

LaTeX Warning: `!h' float specifier changed to `!ht'.

[28 <./img/myplane_2.png> <./img/vrnesn_plane_2.png>] [29 <./img/airplane_rotne
t.png (PNG copy)> <./img/airplane_pbrt.png (PNG copy)> <./img/airplane_depth.pn
g> <./img/airplane_shaded.png>]) [30 <./img/pnet_plane_1.png> <./img/myplane_1.
png> <./img/lloyd.png> <./img/sobol.png>]
\openout2 = `chap05.aux'.

 (chap05.tex
Chapter 5.
(tables/accuracies.tex

LaTeX Warning: No positions in optional float specifier.
               Default added (so using `tbp') on input line 1.

) [31



] [32] (tables/time.tex

LaTeX Warning: No positions in optional float specifier.
               Default added (so using `tbp') on input line 1.

) (tables/memory.tex

LaTeX Warning: No positions in optional float specifier.
               Default added (so using `tbp') on input line 1.

)
LaTeX Font Info:    Try loading font information for OMS+lmr on input line 35.
 ("C:\Program Files\MiKTeX 2.9\tex/latex/lm\omslmr.fd"
File: omslmr.fd 2009/10/30 v1.6 Font defs for Latin Modern
)
LaTeX Font Info:    Font shape `OMS/lmr/m/n' in size <12> not available
(Font)              Font shape `OMS/lmsy/m/n' tried instead on input line 35.
 [33]
(tables/multiview.tex

LaTeX Warning: No positions in optional float specifier.
               Default added (so using `tbp') on input line 1.

) [34] [35] (tables/pointnets.tex

LaTeX Warning: No positions in optional float specifier.
               Default added (so using `tbp') on input line 1.

) [36] (tables/cataccuracies.tex

LaTeX Warning: No positions in optional float specifier.
               Default added (so using `tbp') on input line 1.

) (tables/mmistakes.tex

LaTeX Warning: No positions in optional float specifier.
               Default added (so using `tbp') on input line 1.

) [37] [38] (tables/accuraciesshapenet.tex

LaTeX Warning: No positions in optional float specifier.
               Default added (so using `tbp') on input line 1.

) (tables/cataccs.tex

LaTeX Warning: No positions in optional float specifier.
               Default added (so using `tbp') on input line 1.

)) [39] [40]
\openout2 = `chap06.aux'.

 (chap06.tex
Chapter 6.
[41



]) [42]
\openout2 = `bibliography.aux'.

 (bibliography.tex (thesis.bbl
LaTeX Font Info:    Try loading font information for OT1+lmtt on input line 13.


("C:\Program Files\MiKTeX 2.9\tex/latex/lm\ot1lmtt.fd"
File: ot1lmtt.fd 2009/10/30 v1.6 Font defs for Latin Modern
)
Underfull \hbox (badness 1005) in paragraph at lines 66--70
[]\OT1/lmr/m/n/12 Sungjoon Choi, Qian-Yi Zhou, Stephen Miller, and Vladlen Kolt
un.  A
 []

[43



] [44] [45]
Underfull \hbox (badness 1028) in paragraph at lines 343--349
[]\OT1/lmr/m/n/12 Charles R. Qi, Hao Su, Kaichun Mo, and Leonidas J. Guibas.  P
oint-
 []


Underfull \hbox (badness 1817) in paragraph at lines 378--383
\OT1/lmr/m/it/12 [cs]\OT1/lmr/m/n/12 , April 2016a.  URL [][]$\OT1/lmtt/m/n/12 
http : / / arxiv . org / abs / 1604 . 03351$[][]\OT1/lmr/m/n/12 .  arXiv:
 []

[46]
Underfull \hbox (badness 3058) in paragraph at lines 438--444
\OT1/lmr/m/n/12 Multi-view Con-vo-lu-tional Neu-ral Net-works for 3d Shape Reco
g-ni-tion.
 []

[47])) [48] (thesis.lof)
\tf@lof=\write9
\openout9 = `thesis.lof'.

 [49


] (thesis.lot)
\tf@lot=\write10
\openout10 = `thesis.lot'.

 [50

]
Underfull \hbox (badness 10000) in paragraph at lines 166--181

 []

[51

]
\openout2 = `trainingparams.aux'.

 (trainingparams.tex
Appendix A.

Underfull \hbox (badness 10000) in paragraph at lines 17--22

 []


Underfull \hbox (badness 10000) in paragraph at lines 22--27

 []


Underfull \hbox (badness 10000) in paragraph at lines 27--32

 []


Underfull \hbox (badness 10000) in paragraph at lines 32--37

 []


Underfull \hbox (badness 10000) in paragraph at lines 37--42

 []


Underfull \hbox (badness 10000) in paragraph at lines 42--47

 []


Underfull \hbox (badness 10000) in paragraph at lines 47--52

 []

[52


]
Underfull \hbox (badness 10000) in paragraph at lines 52--58

 []


Underfull \hbox (badness 10000) in paragraph at lines 58--64

 []


Underfull \hbox (badness 10000) in paragraph at lines 64--70

 []


Underfull \hbox (badness 10000) in paragraph at lines 70--76

 []


Underfull \hbox (badness 10000) in paragraph at lines 76--77

 []

[53]
Appendix B.
(tables/details.tex) (tables/detailss.tex)

LaTeX Warning: `!h' float specifier changed to `!ht'.


LaTeX Warning: `!h' float specifier changed to `!ht'.

[54

] [55] [56]
Appendix C.

Underfull \hbox (badness 10000) in paragraph at lines 92--93

 []

[57

] [58]
Underfull \hbox (badness 10000) in paragraph at lines 146--147

 []

[59]
Appendix D.

Underfull \hbox (badness 10000) in paragraph at lines 165--189

 []

) [60

]
Package atveryend Info: Empty hook `BeforeClearDocument' on input line 196.
Package atveryend Info: Empty hook `AfterLastShipout' on input line 196.
 (thesis.aux (title.aux) (chap01.aux) (chap02.aux) (chap03.aux)
(chap04.aux) (chap05.aux) (chap06.aux) (bibliography.aux) (trainingparams.aux))
Package atveryend Info: Executing hook `AtVeryEndDocument' on input line 196.
Package atveryend Info: Executing hook `AtEndAfterFileList' on input line 196.
Package rerunfilecheck Info: File `thesis.out' has not changed.
(rerunfilecheck)             Checksum: 2FEBA65557F287264699170739A48C7E;9559.
Package atveryend Info: Empty hook `AtVeryVeryEnd' on input line 196.
 ) 
Here is how much of TeX's memory you used:
 30919 strings out of 492946
 563845 string characters out of 3135527
 659902 words of memory out of 3000000
 33883 multiletter control sequences out of 15000+200000
 77969 words of font info for 74 fonts, out of 3000000 for 9000
 1141 hyphenation exceptions out of 8191
 55i,16n,71p,1206b,2327s stack positions out of 5000i,500n,10000p,200000b,50000s
{C:/Program Files/MiKTeX 2.9/fonts/enc/dvips/lm/lm-rmtt.enc}{C:/Program Files
/MiKTeX 2.9/fonts/enc/dvips/lm/lm-rm.enc}{C:/Program Files/MiKTeX 2.9/fonts/enc
/dvips/lm/lm-mathit.enc}{C:/Program Files/MiKTeX 2.9/fonts/enc/dvips/lm/lm-math
sy.enc}{C:/Program Files/MiKTeX 2.9/fonts/enc/dvips/lm/lm-mathex.enc}<C:/Progra
m Files/MiKTeX 2.9/fonts/type1/public/lm/lmbx12.pfb><C:/Program Files/MiKTeX 2.
9/fonts/type1/public/lm/lmex10.pfb><C:/Program Files/MiKTeX 2.9/fonts/type1/pub
lic/lm/lmmi12.pfb><C:/Program Files/MiKTeX 2.9/fonts/type1/public/lm/lmmi6.pfb>
<C:/Program Files/MiKTeX 2.9/fonts/type1/public/lm/lmmi8.pfb><C:/Program Files/
MiKTeX 2.9/fonts/type1/public/lm/lmr10.pfb><C:/Program Files/MiKTeX 2.9/fonts/t
ype1/public/lm/lmr12.pfb><C:/Program Files/MiKTeX 2.9/fonts/type1/public/lm/lmr
17.pfb><C:/Program Files/MiKTeX 2.9/fonts/type1/public/lm/lmr6.pfb><C:/Program 
Files/MiKTeX 2.9/fonts/type1/public/lm/lmr7.pfb><C:/Program Files/MiKTeX 2.9/fo
nts/type1/public/lm/lmr8.pfb><C:/Program Files/MiKTeX 2.9/fonts/type1/public/lm
/lmri12.pfb><C:/Program Files/MiKTeX 2.9/fonts/type1/public/lm/lmsy10.pfb><C:/P
rogram Files/MiKTeX 2.9/fonts/type1/public/lm/lmsy8.pfb><C:/Program Files/MiKTe
X 2.9/fonts/type1/public/lm/lmtt12.pfb>
Output written on thesis.pdf (64 pages, 1644320 bytes).
PDF statistics:
 1283 PDF objects out of 1440 (max. 8388607)
 247 named destinations out of 1000 (max. 500000)
 636 words of extra memory for PDF output out of 10000 (max. 10000000)

